<?xml version="1.0" encoding="UTF-8"?>
<!-- Generated by org.testng.reporters.JUnitReportReporter -->
<testsuite hostname="Kandas-MacBook-Pro.local" failures="0" tests="2" name="com.tutorialsninja.qa.testcases.Login" time="29.860" errors="0" timestamp="2023-12-19T21:37:59 IST" skipped="0">
  <testcase classname="com.tutorialsninja.qa.testcases.Login" name="verifyLoginWithValidCredentials" time="13.434"/>
  <testcase classname="com.tutorialsninja.qa.testcases.Login" name="verifyLoginWithInvalidCredentials" time="16.426"/>
</testsuite> <!-- com.tutorialsninja.qa.testcases.Login -->
