<?xml version="1.0" encoding="UTF-8"?>
<!-- Generated by org.testng.reporters.JUnitReportReporter -->
<testsuite hostname="LAPTOP-QUQKHFO9" failures="0" tests="2" name="com.tutorialsninja.qa.testcases.Login" time="18.467" errors="0" timestamp="2023-12-20T16:19:46 IST" skipped="0">
  <testcase classname="com.tutorialsninja.qa.testcases.Login" name="verifyLoginWithValidCredentials" time="8.806"/>
  <testcase classname="com.tutorialsninja.qa.testcases.Login" name="verifyLoginWithInvalidCredentials" time="9.661"/>
</testsuite> <!-- com.tutorialsninja.qa.testcases.Login -->
