<?xml version="1.0" encoding="UTF-8"?>
<!-- Generated by org.testng.reporters.JUnitReportReporter -->
<testsuite hostname="LAPTOP-QUQKHFO9" failures="0" tests="2" name="com.tutorialsninja.qa.testcases.Register" time="20.276" errors="0" timestamp="2023-12-27T22:32:25 IST" skipped="0">
  <testcase classname="com.tutorialsninja.qa.testcases.Register" name="verifyRegisteringAnAccountWithExistingEmailAddress" time="12.066"/>
  <testcase classname="com.tutorialsninja.qa.testcases.Register" name="verifyRegisteringAnAccountWithMandatoryFields" time="8.210"/>
</testsuite> <!-- com.tutorialsninja.qa.testcases.Register -->
