<?xml version="1.0" encoding="UTF-8"?>
<!-- Generated by org.testng.reporters.JUnitReportReporter -->
<testsuite hostname="LAPTOP-QUQKHFO9" failures="0" tests="2" name="com.tutorialsninja.qa.testcases.Search" time="11.888" errors="0" timestamp="2023-12-27T22:32:25 IST" skipped="0">
  <testcase classname="com.tutorialsninja.qa.testcases.Search" name="verifySearchWithValidProduct" time="5.744"/>
  <testcase classname="com.tutorialsninja.qa.testcases.Search" name="verifySearchWithInvalidProduct" time="6.144"/>
</testsuite> <!-- com.tutorialsninja.qa.testcases.Search -->
